<?xml version="1.0" encoding="UTF-8"?>
<testng-results skipped="0" failed="1" total="1" passed="0">
  <reporter-output>
  </reporter-output>
  <suite name="Default suite" duration-ms="84262" started-at="2017-09-20T19:07:16Z" finished-at="2017-09-20T19:08:41Z">
    <groups>
    </groups>
    <test name="Default test" duration-ms="84262" started-at="2017-09-20T19:07:16Z" finished-at="2017-09-20T19:08:41Z">
      <class name="Final">
        <test-method status="FAIL" signature="testing()[pri:0, instance:Final@448ff1a8]" name="testing" duration-ms="83857" started-at="2017-09-20T15:07:16Z" finished-at="2017-09-20T15:08:40Z">
          <exception class="org.openqa.selenium.WebDriverException">
            <message>
              <![CDATA[Failed to connect to binary FirefoxBinary(C:\Program Files (x86)\Mozilla Firefox\firefox.exe) on port 7055; process output follows: 
:\Users\miracle\AppData\Local\Temp\anonymous6363039554411418338webdriver-profile\extensions\fxdriver@googlecode.com
1505934474967	addons.xpi	DEBUG	Ignoring file entry whose name is not a valid add-on ID: C:\Users\miracle\AppData\Local\Temp\anonymous6363039554411418338webdriver-profile\extensions\webdriver-staging
1505934474967	addons.xpi	INFO	SystemAddonInstallLocation directory is missing
1505934474969	addons.xpi	INFO	Mapping {972ce4c6-7e08-4474-a285-3208198ce6fd} to C:\Program Files (x86)\Mozilla Firefox\browser\extensions\{972ce4c6-7e08-4474-a285-3208198ce6fd}
1505934474969	addons.xpi	DEBUG	Skipping unavailable install location app-system-share
1505934474970	addons.xpi	DEBUG	Skipping unavailable install location app-system-local
1505934474970	addons.xpi	DEBUG	checkForChanges
1505934474971	addons.xpi	DEBUG	Loaded add-on state from prefs: {"app-profile":{"fxdriver@googlecode.com":{"d":"C:\\Users\\miracle\\AppData\\Local\\Temp\\anonymous6363039554411418338webdriver-profile\\extensions\\fxdriver@googlecode.com","e":false,"v":"2.45.0","st":1505934457164,"mt":1505934456727}},"app-global":{"{972ce4c6-7e08-4474-a285-3208198ce6fd}":{"d":"C:\\Program Files (x86)\\Mozilla Firefox\\browser\\extensions\\{972ce4c6-7e08-4474-a285-3208198ce6fd}","e":true,"v":"44.0","st":1492614175683,"mt":1452826424000}}}
1505934474973	addons.xpi	DEBUG	Existing add-on fxdriver@googlecode.com in app-profile
1505934474974	addons.xpi	DEBUG	getModTime: Recursive scan of {972ce4c6-7e08-4474-a285-3208198ce6fd}
1505934474977	addons.xpi	DEBUG	Existing add-on {972ce4c6-7e08-4474-a285-3208198ce6fd} in app-global
1505934474978	addons.xpi	DEBUG	getInstallState changed: false, state: {"app-profile":{"fxdriver@googlecode.com":{"d":"C:\\Users\\miracle\\AppData\\Local\\Temp\\anonymous6363039554411418338webdriver-profile\\extensions\\fxdriver@googlecode.com","e":false,"v":"2.45.0","st":1505934457164,"mt":1505934456727}},"app-global":{"{972ce4c6-7e08-4474-a285-3208198ce6fd}":{"d":"C:\\Program Files (x86)\\Mozilla Firefox\\browser\\extensions\\{972ce4c6-7e08-4474-a285-3208198ce6fd}","e":true,"v":"44.0","st":1492614175683,"mt":1452826424000}}}
1505934474981	addons.xpi	DEBUG	No changes found
1505934474995	addons.manager	DEBUG	Registering shutdown blocker for XPIProvider
1505934474996	addons.manager	DEBUG	Provider finished startup: XPIProvider
1505934474996	addons.manager	DEBUG	Starting provider: LightweightThemeManager
1505934474996	addons.manager	DEBUG	Registering shutdown blocker for LightweightThemeManager
1505934474996	addons.manager	DEBUG	Provider finished startup: LightweightThemeManager
1505934474997	addons.manager	DEBUG	Starting provider: GMPProvider
1505934475007	addons.manager	DEBUG	Registering shutdown blocker for GMPProvider
1505934475007	addons.manager	DEBUG	Provider finished startup: GMPProvider
1505934475007	addons.manager	DEBUG	Starting provider: PluginProvider
1505934475007	addons.manager	DEBUG	Registering shutdown blocker for PluginProvider
1505934475008	addons.manager	DEBUG	Provider finished startup: PluginProvider
1505934475008	addons.manager	DEBUG	Completed startup sequence
1505934475153	addons.xpi-utils	DEBUG	Starting async load of XPI database C:\Users\miracle\AppData\Local\Temp\anonymous6363039554411418338webdriver-profile\extensions.json
*** Blocklist::_loadBlocklistFromFile: blocklist is disabled
1505934475308	addons.manager	DEBUG	Starting provider: <unnamed-provider>
1505934475308	addons.manager	DEBUG	Registering shutdown blocker for <unnamed-provider>
1505934475309	addons.manager	DEBUG	Provider finished startup: <unnamed-provider>
1505934475426	addons.xpi-utils	DEBUG	Async JSON file read took 0 MS
1505934475426	addons.xpi-utils	DEBUG	Finished async read of XPI database, parsing...
1505934475428	addons.xpi-utils	DEBUG	Successfully read XPI database
1505934475549	addons.manager	DEBUG	Starting provider: PreviousExperimentProvider
1505934475549	addons.manager	DEBUG	Registering shutdown blocker for PreviousExperimentProvider
1505934475549	addons.manager	DEBUG	Provider finished startup: PreviousExperimentProvider

Build info: version: '2.45.0', revision: '32a636c', time: '2015-03-05 22:01:35'
System info: host: 'GUEST762', ip: '192.168.99.1', os.name: 'Windows 8.1', os.arch: 'amd64', os.version: '6.3', java.version: '1.8.0_92'
Driver info: driver.version: FirefoxDriver]]>
            </message>
            <full-stacktrace>
              <![CDATA[org.openqa.selenium.WebDriverException: Failed to connect to binary FirefoxBinary(C:\Program Files (x86)\Mozilla Firefox\firefox.exe) on port 7055; process output follows: 
:\Users\miracle\AppData\Local\Temp\anonymous6363039554411418338webdriver-profile\extensions\fxdriver@googlecode.com
1505934474967	addons.xpi	DEBUG	Ignoring file entry whose name is not a valid add-on ID: C:\Users\miracle\AppData\Local\Temp\anonymous6363039554411418338webdriver-profile\extensions\webdriver-staging
1505934474967	addons.xpi	INFO	SystemAddonInstallLocation directory is missing
1505934474969	addons.xpi	INFO	Mapping {972ce4c6-7e08-4474-a285-3208198ce6fd} to C:\Program Files (x86)\Mozilla Firefox\browser\extensions\{972ce4c6-7e08-4474-a285-3208198ce6fd}
1505934474969	addons.xpi	DEBUG	Skipping unavailable install location app-system-share
1505934474970	addons.xpi	DEBUG	Skipping unavailable install location app-system-local
1505934474970	addons.xpi	DEBUG	checkForChanges
1505934474971	addons.xpi	DEBUG	Loaded add-on state from prefs: {"app-profile":{"fxdriver@googlecode.com":{"d":"C:\\Users\\miracle\\AppData\\Local\\Temp\\anonymous6363039554411418338webdriver-profile\\extensions\\fxdriver@googlecode.com","e":false,"v":"2.45.0","st":1505934457164,"mt":1505934456727}},"app-global":{"{972ce4c6-7e08-4474-a285-3208198ce6fd}":{"d":"C:\\Program Files (x86)\\Mozilla Firefox\\browser\\extensions\\{972ce4c6-7e08-4474-a285-3208198ce6fd}","e":true,"v":"44.0","st":1492614175683,"mt":1452826424000}}}
1505934474973	addons.xpi	DEBUG	Existing add-on fxdriver@googlecode.com in app-profile
1505934474974	addons.xpi	DEBUG	getModTime: Recursive scan of {972ce4c6-7e08-4474-a285-3208198ce6fd}
1505934474977	addons.xpi	DEBUG	Existing add-on {972ce4c6-7e08-4474-a285-3208198ce6fd} in app-global
1505934474978	addons.xpi	DEBUG	getInstallState changed: false, state: {"app-profile":{"fxdriver@googlecode.com":{"d":"C:\\Users\\miracle\\AppData\\Local\\Temp\\anonymous6363039554411418338webdriver-profile\\extensions\\fxdriver@googlecode.com","e":false,"v":"2.45.0","st":1505934457164,"mt":1505934456727}},"app-global":{"{972ce4c6-7e08-4474-a285-3208198ce6fd}":{"d":"C:\\Program Files (x86)\\Mozilla Firefox\\browser\\extensions\\{972ce4c6-7e08-4474-a285-3208198ce6fd}","e":true,"v":"44.0","st":1492614175683,"mt":1452826424000}}}
1505934474981	addons.xpi	DEBUG	No changes found
1505934474995	addons.manager	DEBUG	Registering shutdown blocker for XPIProvider
1505934474996	addons.manager	DEBUG	Provider finished startup: XPIProvider
1505934474996	addons.manager	DEBUG	Starting provider: LightweightThemeManager
1505934474996	addons.manager	DEBUG	Registering shutdown blocker for LightweightThemeManager
1505934474996	addons.manager	DEBUG	Provider finished startup: LightweightThemeManager
1505934474997	addons.manager	DEBUG	Starting provider: GMPProvider
1505934475007	addons.manager	DEBUG	Registering shutdown blocker for GMPProvider
1505934475007	addons.manager	DEBUG	Provider finished startup: GMPProvider
1505934475007	addons.manager	DEBUG	Starting provider: PluginProvider
1505934475007	addons.manager	DEBUG	Registering shutdown blocker for PluginProvider
1505934475008	addons.manager	DEBUG	Provider finished startup: PluginProvider
1505934475008	addons.manager	DEBUG	Completed startup sequence
1505934475153	addons.xpi-utils	DEBUG	Starting async load of XPI database C:\Users\miracle\AppData\Local\Temp\anonymous6363039554411418338webdriver-profile\extensions.json
*** Blocklist::_loadBlocklistFromFile: blocklist is disabled
1505934475308	addons.manager	DEBUG	Starting provider: <unnamed-provider>
1505934475308	addons.manager	DEBUG	Registering shutdown blocker for <unnamed-provider>
1505934475309	addons.manager	DEBUG	Provider finished startup: <unnamed-provider>
1505934475426	addons.xpi-utils	DEBUG	Async JSON file read took 0 MS
1505934475426	addons.xpi-utils	DEBUG	Finished async read of XPI database, parsing...
1505934475428	addons.xpi-utils	DEBUG	Successfully read XPI database
1505934475549	addons.manager	DEBUG	Starting provider: PreviousExperimentProvider
1505934475549	addons.manager	DEBUG	Registering shutdown blocker for PreviousExperimentProvider
1505934475549	addons.manager	DEBUG	Provider finished startup: PreviousExperimentProvider

Build info: version: '2.45.0', revision: '32a636c', time: '2015-03-05 22:01:35'
System info: host: 'GUEST762', ip: '192.168.99.1', os.name: 'Windows 8.1', os.arch: 'amd64', os.version: '6.3', java.version: '1.8.0_92'
Driver info: driver.version: FirefoxDriver
	at org.openqa.selenium.firefox.internal.NewProfileExtensionConnection.start(NewProfileExtensionConnection.java:130)
	at org.openqa.selenium.firefox.FirefoxDriver.startClient(FirefoxDriver.java:246)
	at org.openqa.selenium.remote.RemoteWebDriver.<init>(RemoteWebDriver.java:114)
	at org.openqa.selenium.firefox.FirefoxDriver.<init>(FirefoxDriver.java:193)
	at org.openqa.selenium.firefox.FirefoxDriver.<init>(FirefoxDriver.java:186)
	at org.openqa.selenium.firefox.FirefoxDriver.<init>(FirefoxDriver.java:182)
	at org.openqa.selenium.firefox.FirefoxDriver.<init>(FirefoxDriver.java:95)
	at Final.testing(Final.java:119)
	at sun.reflect.NativeMethodAccessorImpl.invoke0(Native Method)
	at sun.reflect.NativeMethodAccessorImpl.invoke(Unknown Source)
	at sun.reflect.DelegatingMethodAccessorImpl.invoke(Unknown Source)
	at java.lang.reflect.Method.invoke(Unknown Source)
	at org.testng.internal.MethodInvocationHelper.invokeMethod(MethodInvocationHelper.java:84)
	at org.testng.internal.Invoker.invokeMethod(Invoker.java:714)
	at org.testng.internal.Invoker.invokeTestMethod(Invoker.java:901)
	at org.testng.internal.Invoker.invokeTestMethods(Invoker.java:1231)
	at org.testng.internal.TestMethodWorker.invokeTestMethods(TestMethodWorker.java:127)
	at org.testng.internal.TestMethodWorker.run(TestMethodWorker.java:111)
	at org.testng.TestRunner.privateRun(TestRunner.java:767)
	at org.testng.TestRunner.run(TestRunner.java:617)
	at org.testng.SuiteRunner.runTest(SuiteRunner.java:334)
	at org.testng.SuiteRunner.runSequentially(SuiteRunner.java:329)
	at org.testng.SuiteRunner.privateRun(SuiteRunner.java:291)
	at org.testng.SuiteRunner.run(SuiteRunner.java:240)
	at org.testng.SuiteRunnerWorker.runSuite(SuiteRunnerWorker.java:52)
	at org.testng.SuiteRunnerWorker.run(SuiteRunnerWorker.java:86)
	at org.testng.TestNG.runSuitesSequentially(TestNG.java:1224)
	at org.testng.TestNG.runSuitesLocally(TestNG.java:1149)
	at org.testng.TestNG.run(TestNG.java:1057)
	at org.testng.remote.AbstractRemoteTestNG.run(AbstractRemoteTestNG.java:114)
	at org.testng.remote.RemoteTestNG.initAndRun(RemoteTestNG.java:251)
	at org.testng.remote.RemoteTestNG.main(RemoteTestNG.java:77)
Caused by: org.openqa.selenium.firefox.NotConnectedException: Unable to connect to host 127.0.0.1 on port 7055 after 45000 ms. Firefox console output:
:\Users\miracle\AppData\Local\Temp\anonymous6363039554411418338webdriver-profile\extensions\fxdriver@googlecode.com
1505934474967	addons.xpi	DEBUG	Ignoring file entry whose name is not a valid add-on ID: C:\Users\miracle\AppData\Local\Temp\anonymous6363039554411418338webdriver-profile\extensions\webdriver-staging
1505934474967	addons.xpi	INFO	SystemAddonInstallLocation directory is missing
1505934474969	addons.xpi	INFO	Mapping {972ce4c6-7e08-4474-a285-3208198ce6fd} to C:\Program Files (x86)\Mozilla Firefox\browser\extensions\{972ce4c6-7e08-4474-a285-3208198ce6fd}
1505934474969	addons.xpi	DEBUG	Skipping unavailable install location app-system-share
1505934474970	addons.xpi	DEBUG	Skipping unavailable install location app-system-local
1505934474970	addons.xpi	DEBUG	checkForChanges
1505934474971	addons.xpi	DEBUG	Loaded add-on state from prefs: {"app-profile":{"fxdriver@googlecode.com":{"d":"C:\\Users\\miracle\\AppData\\Local\\Temp\\anonymous6363039554411418338webdriver-profile\\extensions\\fxdriver@googlecode.com","e":false,"v":"2.45.0","st":1505934457164,"mt":1505934456727}},"app-global":{"{972ce4c6-7e08-4474-a285-3208198ce6fd}":{"d":"C:\\Program Files (x86)\\Mozilla Firefox\\browser\\extensions\\{972ce4c6-7e08-4474-a285-3208198ce6fd}","e":true,"v":"44.0","st":1492614175683,"mt":1452826424000}}}
1505934474973	addons.xpi	DEBUG	Existing add-on fxdriver@googlecode.com in app-profile
1505934474974	addons.xpi	DEBUG	getModTime: Recursive scan of {972ce4c6-7e08-4474-a285-3208198ce6fd}
1505934474977	addons.xpi	DEBUG	Existing add-on {972ce4c6-7e08-4474-a285-3208198ce6fd} in app-global
1505934474978	addons.xpi	DEBUG	getInstallState changed: false, state: {"app-profile":{"fxdriver@googlecode.com":{"d":"C:\\Users\\miracle\\AppData\\Local\\Temp\\anonymous6363039554411418338webdriver-profile\\extensions\\fxdriver@googlecode.com","e":false,"v":"2.45.0","st":1505934457164,"mt":1505934456727}},"app-global":{"{972ce4c6-7e08-4474-a285-3208198ce6fd}":{"d":"C:\\Program Files (x86)\\Mozilla Firefox\\browser\\extensions\\{972ce4c6-7e08-4474-a285-3208198ce6fd}","e":true,"v":"44.0","st":1492614175683,"mt":1452826424000}}}
1505934474981	addons.xpi	DEBUG	No changes found
1505934474995	addons.manager	DEBUG	Registering shutdown blocker for XPIProvider
1505934474996	addons.manager	DEBUG	Provider finished startup: XPIProvider
1505934474996	addons.manager	DEBUG	Starting provider: LightweightThemeManager
1505934474996	addons.manager	DEBUG	Registering shutdown blocker for LightweightThemeManager
1505934474996	addons.manager	DEBUG	Provider finished startup: LightweightThemeManager
1505934474997	addons.manager	DEBUG	Starting provider: GMPProvider
1505934475007	addons.manager	DEBUG	Registering shutdown blocker for GMPProvider
1505934475007	addons.manager	DEBUG	Provider finished startup: GMPProvider
1505934475007	addons.manager	DEBUG	Starting provider: PluginProvider
1505934475007	addons.manager	DEBUG	Registering shutdown blocker for PluginProvider
1505934475008	addons.manager	DEBUG	Provider finished startup: PluginProvider
1505934475008	addons.manager	DEBUG	Completed startup sequence
1505934475153	addons.xpi-utils	DEBUG	Starting async load of XPI database C:\Users\miracle\AppData\Local\Temp\anonymous6363039554411418338webdriver-profile\extensions.json
*** Blocklist::_loadBlocklistFromFile: blocklist is disabled
1505934475308	addons.manager	DEBUG	Starting provider: <unnamed-provider>
1505934475308	addons.manager	DEBUG	Registering shutdown blocker for <unnamed-provider>
1505934475309	addons.manager	DEBUG	Provider finished startup: <unnamed-provider>
1505934475426	addons.xpi-utils	DEBUG	Async JSON file read took 0 MS
1505934475426	addons.xpi-utils	DEBUG	Finished async read of XPI database, parsing...
1505934475428	addons.xpi-utils	DEBUG	Successfully read XPI database
1505934475549	addons.manager	DEBUG	Starting provider: PreviousExperimentProvider
1505934475549	addons.manager	DEBUG	Registering shutdown blocker for PreviousExperimentProvider
1505934475549	addons.manager	DEBUG	Provider finished startup: PreviousExperimentProvider

	at org.openqa.selenium.firefox.internal.NewProfileExtensionConnection.start(NewProfileExtensionConnection.java:118)
	... 31 more
]]>
            </full-stacktrace>
          </exception> <!-- org.openqa.selenium.WebDriverException -->
          <reporter-output>
          </reporter-output>
        </test-method> <!-- testing -->
      </class> <!-- Final -->
    </test> <!-- Default test -->
  </suite> <!-- Default suite -->
</testng-results>
